This is pdfTeX, Version 3.14159265-2.6-1.40.18 (TeX Live 2017/Arch Linux) (preloaded format=pdflatex)
 restricted \write18 enabled.
entering extended mode
(./modelsdoc.tex
LaTeX2e <2017-04-15>
Babel <3.18> and hyphenation patterns for 84 language(s) loaded.
(/usr/share/texmf-dist/tex/latex/base/article.cls
Document Class: article 2014/09/29 v1.4h Standard LaTeX document class
(/usr/share/texmf-dist/tex/latex/base/size10.clo))
(/usr/share/texmf-dist/tex/latex/tools/dcolumn.sty
(/usr/share/texmf-dist/tex/latex/tools/array.sty))

LaTeX Warning: Unused global option(s):
    [8pt].

(./modelsdoc.aux)
Overfull \hbox (3.8889pt too wide) detected at line 14
$\OML/cmm/m/it/10 :\OT1/cmr/m/n/10 52)$ 

Overfull \hbox (3.8889pt too wide) detected at line 14
$\OML/cmm/m/it/10 :\OT1/cmr/m/n/10 95)$ 

Overfull \hbox (3.8889pt too wide) detected at line 14
$\OML/cmm/m/it/10 :\OT1/cmr/m/n/10 60)$ 

Overfull \hbox (3.8889pt too wide) detected at line 14
$\OML/cmm/m/it/10 :\OT1/cmr/m/n/10 96)$ 

Overfull \hbox (3.8889pt too wide) detected at line 14
$\OML/cmm/m/it/10 :\OT1/cmr/m/n/10 54)$ 

Overfull \hbox (3.8889pt too wide) detected at line 15
$\OML/cmm/m/it/10 :\OT1/cmr/m/n/10 15)$ 

Overfull \hbox (8.69446pt too wide) detected at line 15
$\OML/cmm/m/it/10 :\OT1/cmr/m/n/10 93[]$ 

Overfull \hbox (8.69446pt too wide) detected at line 16
$\OML/cmm/m/it/10 :\OT1/cmr/m/n/10 16[]$ 

Overfull \hbox (3.8889pt too wide) detected at line 16
$\OML/cmm/m/it/10 :\OT1/cmr/m/n/10 00)$ 

Overfull \hbox (3.8889pt too wide) detected at line 16
$\OML/cmm/m/it/10 :\OT1/cmr/m/n/10 19)$ 

Overfull \hbox (3.8889pt too wide) detected at line 16
$\OML/cmm/m/it/10 :\OT1/cmr/m/n/10 70)$ 

Overfull \hbox (3.8889pt too wide) detected at line 16
$\OML/cmm/m/it/10 :\OT1/cmr/m/n/10 75)$ 

Overfull \hbox (3.8889pt too wide) detected at line 16
$\OML/cmm/m/it/10 :\OT1/cmr/m/n/10 80)$ 

Overfull \hbox (3.8889pt too wide) detected at line 17
$\OML/cmm/m/it/10 :\OT1/cmr/m/n/10 00)$ 

Overfull \hbox (8.69446pt too wide) detected at line 17
$\OML/cmm/m/it/10 :\OT1/cmr/m/n/10 24[]$ 

Overfull \hbox (12.79169pt too wide) detected at line 17
$\OML/cmm/m/it/10 :\OT1/cmr/m/n/10 90[]$ 

Overfull \hbox (3.8889pt too wide) detected at line 18
$\OML/cmm/m/it/10 :\OT1/cmr/m/n/10 41)$ 

Overfull \hbox (3.8889pt too wide) detected at line 18
$\OML/cmm/m/it/10 :\OT1/cmr/m/n/10 00)$ 

Overfull \hbox (3.8889pt too wide) detected at line 18
$\OML/cmm/m/it/10 :\OT1/cmr/m/n/10 00)$ 

Overfull \hbox (3.8889pt too wide) detected at line 18
$\OML/cmm/m/it/10 :\OT1/cmr/m/n/10 64)$ 

Overfull \hbox (3.8889pt too wide) detected at line 18
$\OML/cmm/m/it/10 :\OT1/cmr/m/n/10 17)$ 

Overfull \hbox (3.8889pt too wide) detected at line 19
$\OML/cmm/m/it/10 :\OT1/cmr/m/n/10 52)$ 

Overfull \hbox (4.59723pt too wide) detected at line 19
$\OML/cmm/m/it/10 :\OT1/cmr/m/n/10 09[]$ 

Overfull \hbox (4.16667pt too wide) detected at line 19
$\OML/cmm/m/it/10 :\OT1/cmr/m/n/10 06[]$ 

Overfull \hbox (4.16667pt too wide) detected at line 19
$\OML/cmm/m/it/10 :\OT1/cmr/m/n/10 03[]$ 

Overfull \hbox (4.16667pt too wide) detected at line 19
$\OML/cmm/m/it/10 :\OT1/cmr/m/n/10 10[]$ 

Overfull \hbox (3.8889pt too wide) detected at line 20
$\OML/cmm/m/it/10 :\OT1/cmr/m/n/10 04)$ 

Overfull \hbox (3.8889pt too wide) detected at line 20
$\OML/cmm/m/it/10 :\OT1/cmr/m/n/10 06)$ 

Overfull \hbox (3.8889pt too wide) detected at line 20
$\OML/cmm/m/it/10 :\OT1/cmr/m/n/10 09)$ 

Overfull \hbox (3.8889pt too wide) detected at line 20
$\OML/cmm/m/it/10 :\OT1/cmr/m/n/10 43)$ 

Overfull \hbox (3.8889pt too wide) detected at line 20
$\OML/cmm/m/it/10 :\OT1/cmr/m/n/10 09)$ 

Overfull \hbox (3.8889pt too wide) detected at line 21
$\OML/cmm/m/it/10 :\OT1/cmr/m/n/10 83)$ 

Overfull \hbox (4.16667pt too wide) detected at line 21
$\OML/cmm/m/it/10 :\OT1/cmr/m/n/10 01[]$ 

Overfull \hbox (3.8889pt too wide) detected at line 22
$\OML/cmm/m/it/10 :\OT1/cmr/m/n/10 19)$ 

Overfull \hbox (3.8889pt too wide) detected at line 22
$\OML/cmm/m/it/10 :\OT1/cmr/m/n/10 17)$ 

Overfull \hbox (3.8889pt too wide) detected at line 22
$\OML/cmm/m/it/10 :\OT1/cmr/m/n/10 08)$ 

Overfull \hbox (3.8889pt too wide) detected at line 22
$\OML/cmm/m/it/10 :\OT1/cmr/m/n/10 27)$ 

Overfull \hbox (3.8889pt too wide) detected at line 22
$\OML/cmm/m/it/10 :\OT1/cmr/m/n/10 22)$ 

Overfull \hbox (3.8889pt too wide) detected at line 23
$\OML/cmm/m/it/10 :\OT1/cmr/m/n/10 45)$ 

Overfull \hbox (3.8889pt too wide) detected at line 24
$\OML/cmm/m/it/10 :\OT1/cmr/m/n/10 77)$ 

Overfull \hbox (3.8889pt too wide) detected at line 24
$\OML/cmm/m/it/10 :\OT1/cmr/m/n/10 44)$ 

Overfull \hbox (3.8889pt too wide) detected at line 24
$\OML/cmm/m/it/10 :\OT1/cmr/m/n/10 75)$ 

Overfull \hbox (3.8889pt too wide) detected at line 24
$\OML/cmm/m/it/10 :\OT1/cmr/m/n/10 51)$ 

Overfull \hbox (3.8889pt too wide) detected at line 24
$\OML/cmm/m/it/10 :\OT1/cmr/m/n/10 20)$ 

Overfull \hbox (3.8889pt too wide) detected at line 25
$\OML/cmm/m/it/10 :\OT1/cmr/m/n/10 66)$ 

Overfull \hbox (3.8889pt too wide) detected at line 26
$\OML/cmm/m/it/10 :\OT1/cmr/m/n/10 76)$ 

Overfull \hbox (3.8889pt too wide) detected at line 26
$\OML/cmm/m/it/10 :\OT1/cmr/m/n/10 55)$ 

Overfull \hbox (3.8889pt too wide) detected at line 26
$\OML/cmm/m/it/10 :\OT1/cmr/m/n/10 79)$ 

Overfull \hbox (3.8889pt too wide) detected at line 26
$\OML/cmm/m/it/10 :\OT1/cmr/m/n/10 00)$ 

Overfull \hbox (3.8889pt too wide) detected at line 26
$\OML/cmm/m/it/10 :\OT1/cmr/m/n/10 78)$ 

Overfull \hbox (3.8889pt too wide) detected at line 27
$\OML/cmm/m/it/10 :\OT1/cmr/m/n/10 64)$ 

Overfull \hbox (3.8889pt too wide) detected at line 28
$\OML/cmm/m/it/10 :\OT1/cmr/m/n/10 19)$ 

Overfull \hbox (3.8889pt too wide) detected at line 28
$\OML/cmm/m/it/10 :\OT1/cmr/m/n/10 40)$ 

Overfull \hbox (3.8889pt too wide) detected at line 28
$\OML/cmm/m/it/10 :\OT1/cmr/m/n/10 95)$ 

Overfull \hbox (3.8889pt too wide) detected at line 28
$\OML/cmm/m/it/10 :\OT1/cmr/m/n/10 71)$ 

Overfull \hbox (3.8889pt too wide) detected at line 28
$\OML/cmm/m/it/10 :\OT1/cmr/m/n/10 57)$ 

Overfull \hbox (3.8889pt too wide) detected at line 30
$\OML/cmm/m/it/10 :\OT1/cmr/m/n/10 87)$ 

Overfull \hbox (16.72295pt too wide) in paragraph at lines 7--41
[][] 
[1{/var/lib/texmf/fonts/map/pdftex/updmap/pdftex.map}] (./modelsdoc.aux)

LaTeX Warning: Label(s) may have changed. Rerun to get cross-references right.

 )
(see the transcript file for additional information)</usr/share/texmf-dist/font
s/type1/public/amsfonts/cm/cmmi10.pfb></usr/share/texmf-dist/fonts/type1/public
/amsfonts/cm/cmmi8.pfb></usr/share/texmf-dist/fonts/type1/public/amsfonts/cm/cm
r10.pfb></usr/share/texmf-dist/fonts/type1/public/amsfonts/cm/cmr7.pfb></usr/sh
are/texmf-dist/fonts/type1/public/amsfonts/cm/cmr8.pfb></usr/share/texmf-dist/f
onts/type1/public/amsfonts/cm/cmsy10.pfb></usr/share/texmf-dist/fonts/type1/pub
lic/amsfonts/cm/cmsy6.pfb></usr/share/texmf-dist/fonts/type1/public/amsfonts/cm
/cmsy7.pfb>
Output written on modelsdoc.pdf (1 page, 77640 bytes).
Transcript written on modelsdoc.log.
