This is pdfTeX, Version 3.14159265-2.6-1.40.18 (TeX Live 2017/Arch Linux) (preloaded format=pdflatex 2018.6.1)  1 JUN 2018 19:03
entering extended mode
 restricted \write18 enabled.
 %&-line parsing enabled.
**modelsdoc.tex
(./modelsdoc.tex
LaTeX2e <2017-04-15>
Babel <3.18> and hyphenation patterns for 84 language(s) loaded.
(/usr/share/texmf-dist/tex/latex/base/article.cls
Document Class: article 2014/09/29 v1.4h Standard LaTeX document class
(/usr/share/texmf-dist/tex/latex/base/size10.clo
File: size10.clo 2014/09/29 v1.4h Standard LaTeX file (size option)
)
\c@part=\count79
\c@section=\count80
\c@subsection=\count81
\c@subsubsection=\count82
\c@paragraph=\count83
\c@subparagraph=\count84
\c@figure=\count85
\c@table=\count86
\abovecaptionskip=\skip41
\belowcaptionskip=\skip42
\bibindent=\dimen102
)
(/usr/share/texmf-dist/tex/latex/tools/dcolumn.sty
Package: dcolumn 2014/10/28 v1.06 decimal alignment package (DPC)

(/usr/share/texmf-dist/tex/latex/tools/array.sty
Package: array 2016/10/06 v2.4d Tabular extension package (FMi)
\col@sep=\dimen103
\extrarowheight=\dimen104
\NC@list=\toks14
\extratabsurround=\skip43
\backup@length=\skip44
))

LaTeX Warning: Unused global option(s):
    [8pt].

(./modelsdoc.aux)
\openout1 = `modelsdoc.aux'.

LaTeX Font Info:    Checking defaults for OML/cmm/m/it on input line 3.
LaTeX Font Info:    ... okay on input line 3.
LaTeX Font Info:    Checking defaults for T1/cmr/m/n on input line 3.
LaTeX Font Info:    ... okay on input line 3.
LaTeX Font Info:    Checking defaults for OT1/cmr/m/n on input line 3.
LaTeX Font Info:    ... okay on input line 3.
LaTeX Font Info:    Checking defaults for OMS/cmsy/m/n on input line 3.
LaTeX Font Info:    ... okay on input line 3.
LaTeX Font Info:    Checking defaults for OMX/cmex/m/n on input line 3.
LaTeX Font Info:    ... okay on input line 3.
LaTeX Font Info:    Checking defaults for U/cmr/m/n on input line 3.
LaTeX Font Info:    ... okay on input line 3.
LaTeX Font Info:    External font `cmex10' loaded for size
(Font)              <7> on input line 7.
LaTeX Font Info:    External font `cmex10' loaded for size
(Font)              <5> on input line 7.

Overfull \hbox (3.8889pt too wide) detected at line 14
$\OML/cmm/m/it/10 :\OT1/cmr/m/n/10 52)$ 
 []


Overfull \hbox (3.8889pt too wide) detected at line 14
$\OML/cmm/m/it/10 :\OT1/cmr/m/n/10 95)$ 
 []


Overfull \hbox (3.8889pt too wide) detected at line 14
$\OML/cmm/m/it/10 :\OT1/cmr/m/n/10 60)$ 
 []


Overfull \hbox (3.8889pt too wide) detected at line 14
$\OML/cmm/m/it/10 :\OT1/cmr/m/n/10 96)$ 
 []


Overfull \hbox (3.8889pt too wide) detected at line 14
$\OML/cmm/m/it/10 :\OT1/cmr/m/n/10 54)$ 
 []


Overfull \hbox (3.8889pt too wide) detected at line 15
$\OML/cmm/m/it/10 :\OT1/cmr/m/n/10 15)$ 
 []


Overfull \hbox (8.69446pt too wide) detected at line 15
$\OML/cmm/m/it/10 :\OT1/cmr/m/n/10 93[]$ 
 []


Overfull \hbox (8.69446pt too wide) detected at line 16
$\OML/cmm/m/it/10 :\OT1/cmr/m/n/10 16[]$ 
 []


Overfull \hbox (3.8889pt too wide) detected at line 16
$\OML/cmm/m/it/10 :\OT1/cmr/m/n/10 00)$ 
 []


Overfull \hbox (3.8889pt too wide) detected at line 16
$\OML/cmm/m/it/10 :\OT1/cmr/m/n/10 19)$ 
 []


Overfull \hbox (3.8889pt too wide) detected at line 16
$\OML/cmm/m/it/10 :\OT1/cmr/m/n/10 70)$ 
 []


Overfull \hbox (3.8889pt too wide) detected at line 16
$\OML/cmm/m/it/10 :\OT1/cmr/m/n/10 75)$ 
 []


Overfull \hbox (3.8889pt too wide) detected at line 16
$\OML/cmm/m/it/10 :\OT1/cmr/m/n/10 80)$ 
 []


Overfull \hbox (3.8889pt too wide) detected at line 17
$\OML/cmm/m/it/10 :\OT1/cmr/m/n/10 00)$ 
 []


Overfull \hbox (8.69446pt too wide) detected at line 17
$\OML/cmm/m/it/10 :\OT1/cmr/m/n/10 24[]$ 
 []


Overfull \hbox (12.79169pt too wide) detected at line 17
$\OML/cmm/m/it/10 :\OT1/cmr/m/n/10 90[]$ 
 []


Overfull \hbox (3.8889pt too wide) detected at line 18
$\OML/cmm/m/it/10 :\OT1/cmr/m/n/10 41)$ 
 []


Overfull \hbox (3.8889pt too wide) detected at line 18
$\OML/cmm/m/it/10 :\OT1/cmr/m/n/10 00)$ 
 []


Overfull \hbox (3.8889pt too wide) detected at line 18
$\OML/cmm/m/it/10 :\OT1/cmr/m/n/10 00)$ 
 []


Overfull \hbox (3.8889pt too wide) detected at line 18
$\OML/cmm/m/it/10 :\OT1/cmr/m/n/10 64)$ 
 []


Overfull \hbox (3.8889pt too wide) detected at line 18
$\OML/cmm/m/it/10 :\OT1/cmr/m/n/10 17)$ 
 []


Overfull \hbox (3.8889pt too wide) detected at line 19
$\OML/cmm/m/it/10 :\OT1/cmr/m/n/10 52)$ 
 []


Overfull \hbox (4.59723pt too wide) detected at line 19
$\OML/cmm/m/it/10 :\OT1/cmr/m/n/10 09[]$ 
 []


Overfull \hbox (4.16667pt too wide) detected at line 19
$\OML/cmm/m/it/10 :\OT1/cmr/m/n/10 06[]$ 
 []


Overfull \hbox (4.16667pt too wide) detected at line 19
$\OML/cmm/m/it/10 :\OT1/cmr/m/n/10 03[]$ 
 []


Overfull \hbox (4.16667pt too wide) detected at line 19
$\OML/cmm/m/it/10 :\OT1/cmr/m/n/10 10[]$ 
 []


Overfull \hbox (3.8889pt too wide) detected at line 20
$\OML/cmm/m/it/10 :\OT1/cmr/m/n/10 04)$ 
 []


Overfull \hbox (3.8889pt too wide) detected at line 20
$\OML/cmm/m/it/10 :\OT1/cmr/m/n/10 06)$ 
 []


Overfull \hbox (3.8889pt too wide) detected at line 20
$\OML/cmm/m/it/10 :\OT1/cmr/m/n/10 09)$ 
 []


Overfull \hbox (3.8889pt too wide) detected at line 20
$\OML/cmm/m/it/10 :\OT1/cmr/m/n/10 43)$ 
 []


Overfull \hbox (3.8889pt too wide) detected at line 20
$\OML/cmm/m/it/10 :\OT1/cmr/m/n/10 09)$ 
 []


Overfull \hbox (3.8889pt too wide) detected at line 21
$\OML/cmm/m/it/10 :\OT1/cmr/m/n/10 83)$ 
 []


Overfull \hbox (4.16667pt too wide) detected at line 21
$\OML/cmm/m/it/10 :\OT1/cmr/m/n/10 01[]$ 
 []


Overfull \hbox (3.8889pt too wide) detected at line 22
$\OML/cmm/m/it/10 :\OT1/cmr/m/n/10 19)$ 
 []


Overfull \hbox (3.8889pt too wide) detected at line 22
$\OML/cmm/m/it/10 :\OT1/cmr/m/n/10 17)$ 
 []


Overfull \hbox (3.8889pt too wide) detected at line 22
$\OML/cmm/m/it/10 :\OT1/cmr/m/n/10 08)$ 
 []


Overfull \hbox (3.8889pt too wide) detected at line 22
$\OML/cmm/m/it/10 :\OT1/cmr/m/n/10 27)$ 
 []


Overfull \hbox (3.8889pt too wide) detected at line 22
$\OML/cmm/m/it/10 :\OT1/cmr/m/n/10 22)$ 
 []


Overfull \hbox (3.8889pt too wide) detected at line 23
$\OML/cmm/m/it/10 :\OT1/cmr/m/n/10 45)$ 
 []


Overfull \hbox (3.8889pt too wide) detected at line 24
$\OML/cmm/m/it/10 :\OT1/cmr/m/n/10 77)$ 
 []


Overfull \hbox (3.8889pt too wide) detected at line 24
$\OML/cmm/m/it/10 :\OT1/cmr/m/n/10 44)$ 
 []


Overfull \hbox (3.8889pt too wide) detected at line 24
$\OML/cmm/m/it/10 :\OT1/cmr/m/n/10 75)$ 
 []


Overfull \hbox (3.8889pt too wide) detected at line 24
$\OML/cmm/m/it/10 :\OT1/cmr/m/n/10 51)$ 
 []


Overfull \hbox (3.8889pt too wide) detected at line 24
$\OML/cmm/m/it/10 :\OT1/cmr/m/n/10 20)$ 
 []


Overfull \hbox (3.8889pt too wide) detected at line 25
$\OML/cmm/m/it/10 :\OT1/cmr/m/n/10 66)$ 
 []


Overfull \hbox (3.8889pt too wide) detected at line 26
$\OML/cmm/m/it/10 :\OT1/cmr/m/n/10 76)$ 
 []


Overfull \hbox (3.8889pt too wide) detected at line 26
$\OML/cmm/m/it/10 :\OT1/cmr/m/n/10 55)$ 
 []


Overfull \hbox (3.8889pt too wide) detected at line 26
$\OML/cmm/m/it/10 :\OT1/cmr/m/n/10 79)$ 
 []


Overfull \hbox (3.8889pt too wide) detected at line 26
$\OML/cmm/m/it/10 :\OT1/cmr/m/n/10 00)$ 
 []


Overfull \hbox (3.8889pt too wide) detected at line 26
$\OML/cmm/m/it/10 :\OT1/cmr/m/n/10 78)$ 
 []


Overfull \hbox (3.8889pt too wide) detected at line 27
$\OML/cmm/m/it/10 :\OT1/cmr/m/n/10 64)$ 
 []


Overfull \hbox (3.8889pt too wide) detected at line 28
$\OML/cmm/m/it/10 :\OT1/cmr/m/n/10 19)$ 
 []


Overfull \hbox (3.8889pt too wide) detected at line 28
$\OML/cmm/m/it/10 :\OT1/cmr/m/n/10 40)$ 
 []


Overfull \hbox (3.8889pt too wide) detected at line 28
$\OML/cmm/m/it/10 :\OT1/cmr/m/n/10 95)$ 
 []


Overfull \hbox (3.8889pt too wide) detected at line 28
$\OML/cmm/m/it/10 :\OT1/cmr/m/n/10 71)$ 
 []


Overfull \hbox (3.8889pt too wide) detected at line 28
$\OML/cmm/m/it/10 :\OT1/cmr/m/n/10 57)$ 
 []


Overfull \hbox (3.8889pt too wide) detected at line 30
$\OML/cmm/m/it/10 :\OT1/cmr/m/n/10 87)$ 
 []

LaTeX Font Info:    External font `cmex10' loaded for size
(Font)              <8> on input line 37.
LaTeX Font Info:    External font `cmex10' loaded for size
(Font)              <6> on input line 37.

Overfull \hbox (16.72295pt too wide) in paragraph at lines 7--41
[][] 
 []

[1

{/var/lib/texmf/fonts/map/pdftex/updmap/pdftex.map}] (./modelsdoc.aux)

LaTeX Warning: Label(s) may have changed. Rerun to get cross-references right.

 ) 
Here is how much of TeX's memory you used:
 284 strings out of 492982
 3101 string characters out of 6138580
 67443 words of memory out of 5000000
 3923 multiletter control sequences out of 15000+600000
 5463 words of font info for 20 fonts, out of 8000000 for 9000
 1141 hyphenation exceptions out of 8191
 23i,10n,17p,247b,253s stack positions out of 5000i,500n,10000p,200000b,80000s
</usr/share/texmf-dist/fonts/type1/public/amsfonts/cm/cmmi10.pfb></usr/share/
texmf-dist/fonts/type1/public/amsfonts/cm/cmmi8.pfb></usr/share/texmf-dist/font
s/type1/public/amsfonts/cm/cmr10.pfb></usr/share/texmf-dist/fonts/type1/public/
amsfonts/cm/cmr7.pfb></usr/share/texmf-dist/fonts/type1/public/amsfonts/cm/cmr8
.pfb></usr/share/texmf-dist/fonts/type1/public/amsfonts/cm/cmsy10.pfb></usr/sha
re/texmf-dist/fonts/type1/public/amsfonts/cm/cmsy6.pfb></usr/share/texmf-dist/f
onts/type1/public/amsfonts/cm/cmsy7.pfb>
Output written on modelsdoc.pdf (1 page, 77640 bytes).
PDF statistics:
 40 PDF objects out of 1000 (max. 8388607)
 28 compressed objects within 1 object stream
 0 named destinations out of 1000 (max. 500000)
 1 words of extra memory for PDF output out of 10000 (max. 10000000)

